<html>
<head>
<title>TestNG:  Test_Project</title>
<link href="../testng.css" rel="stylesheet" type="text/css" />
<link href="../my-testng.css" rel="stylesheet" type="text/css" />

<style type="text/css">
.log { display: none;} 
.stack-trace { display: none;} 
</style>
<script type="text/javascript">
<!--
function flip(e) {
  current = e.style.display;
  if (current == 'block') {
    e.style.display = 'none';
    return 0;
  }
  else {
    e.style.display = 'block';
    return 1;
  }
}

function toggleBox(szDivId, elem, msg1, msg2)
{
  var res = -1;  if (document.getElementById) {
    res = flip(document.getElementById(szDivId));
  }
  else if (document.all) {
    // this is the way old msie versions work
    res = flip(document.all[szDivId]);
  }
  if(elem) {
    if(res == 0) elem.innerHTML = msg1; else elem.innerHTML = msg2;
  }

}

function toggleAllBoxes() {
  if (document.getElementsByTagName) {
    d = document.getElementsByTagName('div');
    for (i = 0; i < d.length; i++) {
      if (d[i].className == 'log') {
        flip(d[i]);
      }
    }
  }
}

// -->
</script>

</head>
<body>
<h2 align='center'>Test_Project</h2><table border='1' align="center">
<tr>
<td>Tests passed/Failed/Skipped:</td><td>10/4/0</td>
</tr><tr>
<td>Started on:</td><td>Tue Jul 27 19:39:02 KST 2021</td>
</tr>
<tr><td>Total time:</td><td>546 seconds (546157 ms)</td>
</tr><tr>
<td>Included groups:</td><td></td>
</tr><tr>
<td>Excluded groups:</td><td></td>
</tr>
</table><p/>
<small><i>(Hover the method name to see the test class name)</i></small><p/>
<table width='100%' border='1' class='invocation-failed'>
<tr><td colspan='4' align='center'><b>FAILED TESTS</b></td></tr>
<tr><td><b>Test method</b></td>
<td width="30%"><b>Exception</b></td>
<td width="10%"><b>Time (seconds)</b></td>
<td><b>Instance</b></td>
</tr>
<tr>
<td title='Chips_004_생활정보.생활정보_03_날씨_일기예보.TC_0733_Chips_날씨_제주도날씨_확인()'><b>TC_0733_Chips_날씨_제주도날씨_확인</b><br>Test class: Chips_004_생활정보.생활정보_03_날씨_일기예보<br>Test method: 칩스 리그레이션 TC : 실행_0733<br>Parameters: public void Chips_004_생활정보.생활정보_03_날씨_일기예보.TC_0733_Chips_날씨_제주도날씨_확인(java.lang.reflect.Method) throws java.lang.Exception</td>
<td><div><pre>junit.framework.ComparisonFailure: expected:&lt;FLO&gt; but was:&lt;7월 27일 날씨&gt;
	at junit.framework.Assert.assertEquals(Assert.java:81)
	at junit.framework.Assert.assertEquals(Assert.java:87)
	at Chips_004_생활정보.생활정보_03_날씨_일기예보.TC_0733_Chips_날씨_제주도날씨_확인(생활정보_03_날씨_일기예보.java:805)
	at java.base/java.util.ArrayList.forEach(ArrayList.java:1511)
	at java.base/java.util.concurrent.FutureTask.run(FutureTask.java:264)
	at java.base/java.util.concurrent.ThreadPoolExecutor.runWorker(ThreadPoolExecutor.java:1130)
	at java.base/java.util.concurrent.ThreadPoolExecutor$Worker.run(ThreadPoolExecutor.java:630)
	at java.base/java.lang.Thread.run(Thread.java:832)
... Removed 18 stack frames</pre></div><a href='#' onClick='toggleBox("stack-trace678392159", this, "Click to show all stack frames", "Click to hide stack frames")'>Click to show all stack frames</a>
<div class='stack-trace' id='stack-trace678392159'><pre>junit.framework.ComparisonFailure: expected:&lt;FLO&gt; but was:&lt;7월 27일 날씨&gt;
	at junit.framework.Assert.assertEquals(Assert.java:81)
	at junit.framework.Assert.assertEquals(Assert.java:87)
	at Chips_004_생활정보.생활정보_03_날씨_일기예보.TC_0733_Chips_날씨_제주도날씨_확인(생활정보_03_날씨_일기예보.java:805)
	at java.base/jdk.internal.reflect.NativeMethodAccessorImpl.invoke0(Native Method)
	at java.base/jdk.internal.reflect.NativeMethodAccessorImpl.invoke(NativeMethodAccessorImpl.java:64)
	at java.base/jdk.internal.reflect.DelegatingMethodAccessorImpl.invoke(DelegatingMethodAccessorImpl.java:43)
	at java.base/java.lang.reflect.Method.invoke(Method.java:564)
	at org.testng.internal.MethodInvocationHelper.invokeMethod(MethodInvocationHelper.java:133)
	at org.testng.internal.TestInvoker.invokeMethod(TestInvoker.java:598)
	at org.testng.internal.TestInvoker.invokeTestMethod(TestInvoker.java:173)
	at org.testng.internal.MethodRunner.runInSequence(MethodRunner.java:46)
	at org.testng.internal.TestInvoker$MethodInvocationAgent.invoke(TestInvoker.java:824)
	at org.testng.internal.TestInvoker.invokeTestMethods(TestInvoker.java:146)
	at org.testng.internal.TestMethodWorker.invokeTestMethods(TestMethodWorker.java:146)
	at org.testng.internal.TestMethodWorker.run(TestMethodWorker.java:128)
	at java.base/java.util.ArrayList.forEach(ArrayList.java:1511)
	at org.testng.TestRunner.privateRun(TestRunner.java:794)
	at org.testng.TestRunner.run(TestRunner.java:596)
	at org.testng.SuiteRunner.runTest(SuiteRunner.java:377)
	at org.testng.SuiteRunner.access$000(SuiteRunner.java:28)
	at org.testng.SuiteRunner$SuiteWorker.run(SuiteRunner.java:418)
	at org.testng.internal.thread.ThreadUtil.lambda$execute$0(ThreadUtil.java:64)
	at java.base/java.util.concurrent.FutureTask.run(FutureTask.java:264)
	at java.base/java.util.concurrent.ThreadPoolExecutor.runWorker(ThreadPoolExecutor.java:1130)
	at java.base/java.util.concurrent.ThreadPoolExecutor$Worker.run(ThreadPoolExecutor.java:630)
	at java.base/java.lang.Thread.run(Thread.java:832)
</pre></div></td>
<td>10</td>
<td>Chips_004_생활정보.생활정보_03_날씨_일기예보@49b2a47d</td></tr>
<tr>
<td title='Chips_004_생활정보.생활정보_03_날씨_일기예보.TC_0732_Chips_날씨_현재요일날씨_확인()'><b>TC_0732_Chips_날씨_현재요일날씨_확인</b><br>Test class: Chips_004_생활정보.생활정보_03_날씨_일기예보<br>Test method: 칩스 리그레이션 TC : 실행_0732<br>Parameters: public void Chips_004_생활정보.생활정보_03_날씨_일기예보.TC_0732_Chips_날씨_현재요일날씨_확인(java.lang.reflect.Method) throws java.lang.Exception</td>
<td><div><pre>org.openqa.selenium.TimeoutException: Expected condition failed: waiting for element to be clickable: By.id: location (tried for 10 second(s) with 500 milliseconds interval)
	at org.openqa.selenium.support.ui.WebDriverWait.timeoutException(WebDriverWait.java:113)
	at org.openqa.selenium.support.ui.FluentWait.until(FluentWait.java:283)
	at unit.Utilities.WaitfindElement(Utilities.java:156)
	at unit.Utilities.getText(Utilities.java:1381)
	at Chips_004_생활정보.생활정보_03_날씨_일기예보.TC_0732_Chips_날씨_현재요일날씨_확인(생활정보_03_날씨_일기예보.java:725)
	at java.base/java.util.ArrayList.forEach(ArrayList.java:1511)
	at java.base/java.util.concurrent.FutureTask.run(FutureTask.java:264)
	at java.base/java.util.concurrent.ThreadPoolExecutor.runWorker(ThreadPoolExecutor.java:1130)
	at java.base/java.util.concurrent.ThreadPoolExecutor$Worker.run(ThreadPoolExecutor.java:630)
	at java.base/java.lang.Thread.run(Thread.java:832)
Caused by: org.openqa.selenium.NoSuchElementException: Cannot locate an element using By.id: location
For documentation on this error, please visit: http://seleniumhq.org/exceptions/no_such_element.html
Build info: version: &apos;3.14.0&apos;, revision: &apos;aacccce0&apos;, time: &apos;2018-08-02T20:19:58.91Z&apos;
System info: host: &apos;DESKTOP-KEI&apos;, ip: &apos;172.27.24.217&apos;, os.name: &apos;Windows 10&apos;, os.arch: &apos;amd64&apos;, os.version: &apos;10.0&apos;, java.version: &apos;15.0.2&apos;
Driver info: driver.version: unknown
	at org.openqa.selenium.support.ui.ExpectedConditions.lambda$findElement$0(ExpectedConditions.java:896)
	at java.base/java.util.Optional.orElseThrow(Optional.java:401)
	at org.openqa.selenium.support.ui.ExpectedConditions.findElement(ExpectedConditions.java:895)
	at org.openqa.selenium.support.ui.ExpectedConditions.access$000(ExpectedConditions.java:44)
	at org.openqa.selenium.support.ui.ExpectedConditions$7.apply(ExpectedConditions.java:206)
	at org.openqa.selenium.support.ui.ExpectedConditions$7.apply(ExpectedConditions.java:202)
	at org.openqa.selenium.support.ui.ExpectedConditions$22.apply(ExpectedConditions.java:657)
	at org.openqa.selenium.support.ui.ExpectedConditions$22.apply(ExpectedConditions.java:654)
	at org.openqa.selenium.support.ui.FluentWait.until(FluentWait.java:260)
	... 26 more
... Removed 18 stack frames</pre></div><a href='#' onClick='toggleBox("stack-trace208695443", this, "Click to show all stack frames", "Click to hide stack frames")'>Click to show all stack frames</a>
<div class='stack-trace' id='stack-trace208695443'><pre>org.openqa.selenium.TimeoutException: Expected condition failed: waiting for element to be clickable: By.id: location (tried for 10 second(s) with 500 milliseconds interval)
	at org.openqa.selenium.support.ui.WebDriverWait.timeoutException(WebDriverWait.java:113)
	at org.openqa.selenium.support.ui.FluentWait.until(FluentWait.java:283)
	at unit.Utilities.WaitfindElement(Utilities.java:156)
	at unit.Utilities.getText(Utilities.java:1381)
	at Chips_004_생활정보.생활정보_03_날씨_일기예보.TC_0732_Chips_날씨_현재요일날씨_확인(생활정보_03_날씨_일기예보.java:725)
	at java.base/jdk.internal.reflect.NativeMethodAccessorImpl.invoke0(Native Method)
	at java.base/jdk.internal.reflect.NativeMethodAccessorImpl.invoke(NativeMethodAccessorImpl.java:64)
	at java.base/jdk.internal.reflect.DelegatingMethodAccessorImpl.invoke(DelegatingMethodAccessorImpl.java:43)
	at java.base/java.lang.reflect.Method.invoke(Method.java:564)
	at org.testng.internal.MethodInvocationHelper.invokeMethod(MethodInvocationHelper.java:133)
	at org.testng.internal.TestInvoker.invokeMethod(TestInvoker.java:598)
	at org.testng.internal.TestInvoker.invokeTestMethod(TestInvoker.java:173)
	at org.testng.internal.MethodRunner.runInSequence(MethodRunner.java:46)
	at org.testng.internal.TestInvoker$MethodInvocationAgent.invoke(TestInvoker.java:824)
	at org.testng.internal.TestInvoker.invokeTestMethods(TestInvoker.java:146)
	at org.testng.internal.TestMethodWorker.invokeTestMethods(TestMethodWorker.java:146)
	at org.testng.internal.TestMethodWorker.run(TestMethodWorker.java:128)
	at java.base/java.util.ArrayList.forEach(ArrayList.java:1511)
	at org.testng.TestRunner.privateRun(TestRunner.java:794)
	at org.testng.TestRunner.run(TestRunner.java:596)
	at org.testng.SuiteRunner.runTest(SuiteRunner.java:377)
	at org.testng.SuiteRunner.access$000(SuiteRunner.java:28)
	at org.testng.SuiteRunner$SuiteWorker.run(SuiteRunner.java:418)
	at org.testng.internal.thread.ThreadUtil.lambda$execute$0(ThreadUtil.java:64)
	at java.base/java.util.concurrent.FutureTask.run(FutureTask.java:264)
	at java.base/java.util.concurrent.ThreadPoolExecutor.runWorker(ThreadPoolExecutor.java:1130)
	at java.base/java.util.concurrent.ThreadPoolExecutor$Worker.run(ThreadPoolExecutor.java:630)
	at java.base/java.lang.Thread.run(Thread.java:832)
Caused by: org.openqa.selenium.NoSuchElementException: Cannot locate an element using By.id: location
For documentation on this error, please visit: http://seleniumhq.org/exceptions/no_such_element.html
Build info: version: &apos;3.14.0&apos;, revision: &apos;aacccce0&apos;, time: &apos;2018-08-02T20:19:58.91Z&apos;
System info: host: &apos;DESKTOP-KEI&apos;, ip: &apos;172.27.24.217&apos;, os.name: &apos;Windows 10&apos;, os.arch: &apos;amd64&apos;, os.version: &apos;10.0&apos;, java.version: &apos;15.0.2&apos;
Driver info: driver.version: unknown
	at org.openqa.selenium.support.ui.ExpectedConditions.lambda$findElement$0(ExpectedConditions.java:896)
	at java.base/java.util.Optional.orElseThrow(Optional.java:401)
	at org.openqa.selenium.support.ui.ExpectedConditions.findElement(ExpectedConditions.java:895)
	at org.openqa.selenium.support.ui.ExpectedConditions.access$000(ExpectedConditions.java:44)
	at org.openqa.selenium.support.ui.ExpectedConditions$7.apply(ExpectedConditions.java:206)
	at org.openqa.selenium.support.ui.ExpectedConditions$7.apply(ExpectedConditions.java:202)
	at org.openqa.selenium.support.ui.ExpectedConditions$22.apply(ExpectedConditions.java:657)
	at org.openqa.selenium.support.ui.ExpectedConditions$22.apply(ExpectedConditions.java:654)
	at org.openqa.selenium.support.ui.FluentWait.until(FluentWait.java:260)
	... 26 more
</pre></div></td>
<td>20</td>
<td>Chips_004_생활정보.생활정보_03_날씨_일기예보@49b2a47d</td></tr>
<tr>
<td title='Chips_004_생활정보.생활정보_03_날씨_일기예보.TC_0734_Chips_날씨_파주시야동동날씨_확인()'><b>TC_0734_Chips_날씨_파주시야동동날씨_확인</b><br>Test class: Chips_004_생활정보.생활정보_03_날씨_일기예보<br>Test method: 칩스 리그레이션 TC : 실행_0734<br>Parameters: public void Chips_004_생활정보.생활정보_03_날씨_일기예보.TC_0734_Chips_날씨_파주시야동동날씨_확인(java.lang.reflect.Method) throws java.lang.Exception</td>
<td><div><pre>junit.framework.ComparisonFailure: expected:&lt;FLO&gt; but was:&lt;7월 27일 날씨&gt;
	at junit.framework.Assert.assertEquals(Assert.java:81)
	at junit.framework.Assert.assertEquals(Assert.java:87)
	at Chips_004_생활정보.생활정보_03_날씨_일기예보.TC_0734_Chips_날씨_파주시야동동날씨_확인(생활정보_03_날씨_일기예보.java:868)
	at java.base/java.util.ArrayList.forEach(ArrayList.java:1511)
	at java.base/java.util.concurrent.FutureTask.run(FutureTask.java:264)
	at java.base/java.util.concurrent.ThreadPoolExecutor.runWorker(ThreadPoolExecutor.java:1130)
	at java.base/java.util.concurrent.ThreadPoolExecutor$Worker.run(ThreadPoolExecutor.java:630)
	at java.base/java.lang.Thread.run(Thread.java:832)
... Removed 18 stack frames</pre></div><a href='#' onClick='toggleBox("stack-trace457587013", this, "Click to show all stack frames", "Click to hide stack frames")'>Click to show all stack frames</a>
<div class='stack-trace' id='stack-trace457587013'><pre>junit.framework.ComparisonFailure: expected:&lt;FLO&gt; but was:&lt;7월 27일 날씨&gt;
	at junit.framework.Assert.assertEquals(Assert.java:81)
	at junit.framework.Assert.assertEquals(Assert.java:87)
	at Chips_004_생활정보.생활정보_03_날씨_일기예보.TC_0734_Chips_날씨_파주시야동동날씨_확인(생활정보_03_날씨_일기예보.java:868)
	at java.base/jdk.internal.reflect.NativeMethodAccessorImpl.invoke0(Native Method)
	at java.base/jdk.internal.reflect.NativeMethodAccessorImpl.invoke(NativeMethodAccessorImpl.java:64)
	at java.base/jdk.internal.reflect.DelegatingMethodAccessorImpl.invoke(DelegatingMethodAccessorImpl.java:43)
	at java.base/java.lang.reflect.Method.invoke(Method.java:564)
	at org.testng.internal.MethodInvocationHelper.invokeMethod(MethodInvocationHelper.java:133)
	at org.testng.internal.TestInvoker.invokeMethod(TestInvoker.java:598)
	at org.testng.internal.TestInvoker.invokeTestMethod(TestInvoker.java:173)
	at org.testng.internal.MethodRunner.runInSequence(MethodRunner.java:46)
	at org.testng.internal.TestInvoker$MethodInvocationAgent.invoke(TestInvoker.java:824)
	at org.testng.internal.TestInvoker.invokeTestMethods(TestInvoker.java:146)
	at org.testng.internal.TestMethodWorker.invokeTestMethods(TestMethodWorker.java:146)
	at org.testng.internal.TestMethodWorker.run(TestMethodWorker.java:128)
	at java.base/java.util.ArrayList.forEach(ArrayList.java:1511)
	at org.testng.TestRunner.privateRun(TestRunner.java:794)
	at org.testng.TestRunner.run(TestRunner.java:596)
	at org.testng.SuiteRunner.runTest(SuiteRunner.java:377)
	at org.testng.SuiteRunner.access$000(SuiteRunner.java:28)
	at org.testng.SuiteRunner$SuiteWorker.run(SuiteRunner.java:418)
	at org.testng.internal.thread.ThreadUtil.lambda$execute$0(ThreadUtil.java:64)
	at java.base/java.util.concurrent.FutureTask.run(FutureTask.java:264)
	at java.base/java.util.concurrent.ThreadPoolExecutor.runWorker(ThreadPoolExecutor.java:1130)
	at java.base/java.util.concurrent.ThreadPoolExecutor$Worker.run(ThreadPoolExecutor.java:630)
	at java.base/java.lang.Thread.run(Thread.java:832)
</pre></div></td>
<td>10</td>
<td>Chips_004_생활정보.생활정보_03_날씨_일기예보@49b2a47d</td></tr>
<tr>
<td title='Chips_004_생활정보.생활정보_03_날씨_일기예보.TC_0731_Chips_날씨_현재요일날씨_확인()'><b>TC_0731_Chips_날씨_현재요일날씨_확인</b><br>Test class: Chips_004_생활정보.생활정보_03_날씨_일기예보<br>Test method: 칩스 리그레이션 TC : 실행_0731<br>Parameters: public void Chips_004_생활정보.생활정보_03_날씨_일기예보.TC_0731_Chips_날씨_현재요일날씨_확인(java.lang.reflect.Method) throws java.lang.Exception</td>
<td><div><pre>org.openqa.selenium.TimeoutException: Expected condition failed: waiting for element to be clickable: By.id: location (tried for 10 second(s) with 500 milliseconds interval)
	at org.openqa.selenium.support.ui.WebDriverWait.timeoutException(WebDriverWait.java:113)
	at org.openqa.selenium.support.ui.FluentWait.until(FluentWait.java:283)
	at unit.Utilities.WaitfindElement(Utilities.java:156)
	at unit.Utilities.getText(Utilities.java:1381)
	at Chips_004_생활정보.생활정보_03_날씨_일기예보.TC_0731_Chips_날씨_현재요일날씨_확인(생활정보_03_날씨_일기예보.java:653)
	at java.base/java.util.ArrayList.forEach(ArrayList.java:1511)
	at java.base/java.util.concurrent.FutureTask.run(FutureTask.java:264)
	at java.base/java.util.concurrent.ThreadPoolExecutor.runWorker(ThreadPoolExecutor.java:1130)
	at java.base/java.util.concurrent.ThreadPoolExecutor$Worker.run(ThreadPoolExecutor.java:630)
	at java.base/java.lang.Thread.run(Thread.java:832)
Caused by: org.openqa.selenium.NoSuchElementException: Cannot locate an element using By.id: location
For documentation on this error, please visit: http://seleniumhq.org/exceptions/no_such_element.html
Build info: version: &apos;3.14.0&apos;, revision: &apos;aacccce0&apos;, time: &apos;2018-08-02T20:19:58.91Z&apos;
System info: host: &apos;DESKTOP-KEI&apos;, ip: &apos;172.27.24.217&apos;, os.name: &apos;Windows 10&apos;, os.arch: &apos;amd64&apos;, os.version: &apos;10.0&apos;, java.version: &apos;15.0.2&apos;
Driver info: driver.version: unknown
	at org.openqa.selenium.support.ui.ExpectedConditions.lambda$findElement$0(ExpectedConditions.java:896)
	at java.base/java.util.Optional.orElseThrow(Optional.java:401)
	at org.openqa.selenium.support.ui.ExpectedConditions.findElement(ExpectedConditions.java:895)
	at org.openqa.selenium.support.ui.ExpectedConditions.access$000(ExpectedConditions.java:44)
	at org.openqa.selenium.support.ui.ExpectedConditions$7.apply(ExpectedConditions.java:206)
	at org.openqa.selenium.support.ui.ExpectedConditions$7.apply(ExpectedConditions.java:202)
	at org.openqa.selenium.support.ui.ExpectedConditions$22.apply(ExpectedConditions.java:657)
	at org.openqa.selenium.support.ui.ExpectedConditions$22.apply(ExpectedConditions.java:654)
	at org.openqa.selenium.support.ui.FluentWait.until(FluentWait.java:260)
	... 26 more
... Removed 18 stack frames</pre></div><a href='#' onClick='toggleBox("stack-trace441311281", this, "Click to show all stack frames", "Click to hide stack frames")'>Click to show all stack frames</a>
<div class='stack-trace' id='stack-trace441311281'><pre>org.openqa.selenium.TimeoutException: Expected condition failed: waiting for element to be clickable: By.id: location (tried for 10 second(s) with 500 milliseconds interval)
	at org.openqa.selenium.support.ui.WebDriverWait.timeoutException(WebDriverWait.java:113)
	at org.openqa.selenium.support.ui.FluentWait.until(FluentWait.java:283)
	at unit.Utilities.WaitfindElement(Utilities.java:156)
	at unit.Utilities.getText(Utilities.java:1381)
	at Chips_004_생활정보.생활정보_03_날씨_일기예보.TC_0731_Chips_날씨_현재요일날씨_확인(생활정보_03_날씨_일기예보.java:653)
	at java.base/jdk.internal.reflect.NativeMethodAccessorImpl.invoke0(Native Method)
	at java.base/jdk.internal.reflect.NativeMethodAccessorImpl.invoke(NativeMethodAccessorImpl.java:64)
	at java.base/jdk.internal.reflect.DelegatingMethodAccessorImpl.invoke(DelegatingMethodAccessorImpl.java:43)
	at java.base/java.lang.reflect.Method.invoke(Method.java:564)
	at org.testng.internal.MethodInvocationHelper.invokeMethod(MethodInvocationHelper.java:133)
	at org.testng.internal.TestInvoker.invokeMethod(TestInvoker.java:598)
	at org.testng.internal.TestInvoker.invokeTestMethod(TestInvoker.java:173)
	at org.testng.internal.MethodRunner.runInSequence(MethodRunner.java:46)
	at org.testng.internal.TestInvoker$MethodInvocationAgent.invoke(TestInvoker.java:824)
	at org.testng.internal.TestInvoker.invokeTestMethods(TestInvoker.java:146)
	at org.testng.internal.TestMethodWorker.invokeTestMethods(TestMethodWorker.java:146)
	at org.testng.internal.TestMethodWorker.run(TestMethodWorker.java:128)
	at java.base/java.util.ArrayList.forEach(ArrayList.java:1511)
	at org.testng.TestRunner.privateRun(TestRunner.java:794)
	at org.testng.TestRunner.run(TestRunner.java:596)
	at org.testng.SuiteRunner.runTest(SuiteRunner.java:377)
	at org.testng.SuiteRunner.access$000(SuiteRunner.java:28)
	at org.testng.SuiteRunner$SuiteWorker.run(SuiteRunner.java:418)
	at org.testng.internal.thread.ThreadUtil.lambda$execute$0(ThreadUtil.java:64)
	at java.base/java.util.concurrent.FutureTask.run(FutureTask.java:264)
	at java.base/java.util.concurrent.ThreadPoolExecutor.runWorker(ThreadPoolExecutor.java:1130)
	at java.base/java.util.concurrent.ThreadPoolExecutor$Worker.run(ThreadPoolExecutor.java:630)
	at java.base/java.lang.Thread.run(Thread.java:832)
Caused by: org.openqa.selenium.NoSuchElementException: Cannot locate an element using By.id: location
For documentation on this error, please visit: http://seleniumhq.org/exceptions/no_such_element.html
Build info: version: &apos;3.14.0&apos;, revision: &apos;aacccce0&apos;, time: &apos;2018-08-02T20:19:58.91Z&apos;
System info: host: &apos;DESKTOP-KEI&apos;, ip: &apos;172.27.24.217&apos;, os.name: &apos;Windows 10&apos;, os.arch: &apos;amd64&apos;, os.version: &apos;10.0&apos;, java.version: &apos;15.0.2&apos;
Driver info: driver.version: unknown
	at org.openqa.selenium.support.ui.ExpectedConditions.lambda$findElement$0(ExpectedConditions.java:896)
	at java.base/java.util.Optional.orElseThrow(Optional.java:401)
	at org.openqa.selenium.support.ui.ExpectedConditions.findElement(ExpectedConditions.java:895)
	at org.openqa.selenium.support.ui.ExpectedConditions.access$000(ExpectedConditions.java:44)
	at org.openqa.selenium.support.ui.ExpectedConditions$7.apply(ExpectedConditions.java:206)
	at org.openqa.selenium.support.ui.ExpectedConditions$7.apply(ExpectedConditions.java:202)
	at org.openqa.selenium.support.ui.ExpectedConditions$22.apply(ExpectedConditions.java:657)
	at org.openqa.selenium.support.ui.ExpectedConditions$22.apply(ExpectedConditions.java:654)
	at org.openqa.selenium.support.ui.FluentWait.until(FluentWait.java:260)
	... 26 more
</pre></div></td>
<td>20</td>
<td>Chips_004_생활정보.생활정보_03_날씨_일기예보@49b2a47d</td></tr>
</table><p>
<table width='100%' border='1' class='invocation-passed'>
<tr><td colspan='4' align='center'><b>PASSED TESTS</b></td></tr>
<tr><td><b>Test method</b></td>
<td width="30%"><b>Exception</b></td>
<td width="10%"><b>Time (seconds)</b></td>
<td><b>Instance</b></td>
</tr>
<tr>
<td title='Chips_004_생활정보.생활정보_03_날씨_일기예보.TC_0727_Chips_날씨_이번주날씨_확인()'><b>TC_0727_Chips_날씨_이번주날씨_확인</b><br>Test class: Chips_004_생활정보.생활정보_03_날씨_일기예보<br>Test method: 칩스 리그레이션 TC : 실행_0727<br>Parameters: public void Chips_004_생활정보.생활정보_03_날씨_일기예보.TC_0727_Chips_날씨_이번주날씨_확인(java.lang.reflect.Method) throws java.lang.Exception</td>
<td></td>
<td>58</td>
<td>Chips_004_생활정보.생활정보_03_날씨_일기예보@49b2a47d</td></tr>
<tr>
<td title='Chips_004_생활정보.생활정보_03_날씨_일기예보.TC_0728_Chips_날씨_다음주날씨_확인()'><b>TC_0728_Chips_날씨_다음주날씨_확인</b><br>Test class: Chips_004_생활정보.생활정보_03_날씨_일기예보<br>Test method: 칩스 리그레이션 TC : 실행_0728<br>Parameters: public void Chips_004_생활정보.생활정보_03_날씨_일기예보.TC_0728_Chips_날씨_다음주날씨_확인(java.lang.reflect.Method) throws java.lang.Exception</td>
<td></td>
<td>56</td>
<td>Chips_004_생활정보.생활정보_03_날씨_일기예보@49b2a47d</td></tr>
<tr>
<td title='Chips_004_생활정보.생활정보_03_날씨_일기예보.TC_0724_Chips_날씨_내일날씨_확인()'><b>TC_0724_Chips_날씨_내일날씨_확인</b><br>Test class: Chips_004_생활정보.생활정보_03_날씨_일기예보<br>Test method: 칩스 리그레이션 TC : 실행_0724<br>Parameters: public void Chips_004_생활정보.생활정보_03_날씨_일기예보.TC_0724_Chips_날씨_내일날씨_확인(java.lang.reflect.Method) throws java.lang.Exception</td>
<td></td>
<td>45</td>
<td>Chips_004_생활정보.생활정보_03_날씨_일기예보@49b2a47d</td></tr>
<tr>
<td title='Chips_004_생활정보.생활정보_03_날씨_일기예보.TC_0730_Chips_날씨_다음주주말날씨_확인()'><b>TC_0730_Chips_날씨_다음주주말날씨_확인</b><br>Test class: Chips_004_생활정보.생활정보_03_날씨_일기예보<br>Test method: 칩스 리그레이션 TC : 실행_0730<br>Parameters: public void Chips_004_생활정보.생활정보_03_날씨_일기예보.TC_0730_Chips_날씨_다음주주말날씨_확인(java.lang.reflect.Method) throws java.lang.Exception</td>
<td></td>
<td>25</td>
<td>Chips_004_생활정보.생활정보_03_날씨_일기예보@49b2a47d</td></tr>
<tr>
<td title='Chips_004_생활정보.생활정보_03_날씨_일기예보.TC_0722_Chips_날씨_오늘날씨_확인()'><b>TC_0722_Chips_날씨_오늘날씨_확인</b><br>Test class: Chips_004_생활정보.생활정보_03_날씨_일기예보<br>Test method: 칩스 리그레이션 TC : 실행_0722<br>Parameters: public void Chips_004_생활정보.생활정보_03_날씨_일기예보.TC_0722_Chips_날씨_오늘날씨_확인(java.lang.reflect.Method) throws java.lang.Exception</td>
<td></td>
<td>38</td>
<td>Chips_004_생활정보.생활정보_03_날씨_일기예보@49b2a47d</td></tr>
<tr>
<td title='Chips_004_생활정보.생활정보_03_날씨_일기예보.TC_0723_Chips_날씨_오늘날씨_확인()'><b>TC_0723_Chips_날씨_오늘날씨_확인</b><br>Test class: Chips_004_생활정보.생활정보_03_날씨_일기예보<br>Test method: 칩스 리그레이션 TC : 실행_0723<br>Parameters: public void Chips_004_생활정보.생활정보_03_날씨_일기예보.TC_0723_Chips_날씨_오늘날씨_확인(java.lang.reflect.Method) throws java.lang.Exception</td>
<td></td>
<td>43</td>
<td>Chips_004_생활정보.생활정보_03_날씨_일기예보@49b2a47d</td></tr>
<tr>
<td title='Chips_004_생활정보.생활정보_03_날씨_일기예보.TC_0000_앱실행과AccessToken얻기()'><b>TC_0000_앱실행과AccessToken얻기</b><br>Test class: Chips_004_생활정보.생활정보_03_날씨_일기예보<br>Test method: 칩스 리그레이션 TC : 실행_0000<br>Parameters: public void Chips_004_생활정보.생활정보_03_날씨_일기예보.TC_0000_앱실행과AccessToken얻기(java.lang.reflect.Method) throws java.lang.Exception</td>
<td></td>
<td>62</td>
<td>Chips_004_생활정보.생활정보_03_날씨_일기예보@49b2a47d</td></tr>
<tr>
<td title='Chips_004_생활정보.생활정보_03_날씨_일기예보.TC_0725_Chips_날씨_내일날씨_확인()'><b>TC_0725_Chips_날씨_내일날씨_확인</b><br>Test class: Chips_004_생활정보.생활정보_03_날씨_일기예보<br>Test method: 칩스 리그레이션 TC : 실행_0725<br>Parameters: public void Chips_004_생활정보.생활정보_03_날씨_일기예보.TC_0725_Chips_날씨_내일날씨_확인(java.lang.reflect.Method) throws java.lang.Exception</td>
<td></td>
<td>44</td>
<td>Chips_004_생활정보.생활정보_03_날씨_일기예보@49b2a47d</td></tr>
<tr>
<td title='Chips_004_생활정보.생활정보_03_날씨_일기예보.TC_0726_Chips_날씨_모레날씨_확인()'><b>TC_0726_Chips_날씨_모레날씨_확인</b><br>Test class: Chips_004_생활정보.생활정보_03_날씨_일기예보<br>Test method: 칩스 리그레이션 TC : 실행_0725<br>Parameters: public void Chips_004_생활정보.생활정보_03_날씨_일기예보.TC_0726_Chips_날씨_모레날씨_확인(java.lang.reflect.Method) throws java.lang.Exception</td>
<td></td>
<td>48</td>
<td>Chips_004_생활정보.생활정보_03_날씨_일기예보@49b2a47d</td></tr>
<tr>
<td title='Chips_004_생활정보.생활정보_03_날씨_일기예보.TC_0729_Chips_날씨_이번주주말날씨_확인()'><b>TC_0729_Chips_날씨_이번주주말날씨_확인</b><br>Test class: Chips_004_생활정보.생활정보_03_날씨_일기예보<br>Test method: 칩스 리그레이션 TC : 실행_0729<br>Parameters: public void Chips_004_생활정보.생활정보_03_날씨_일기예보.TC_0729_Chips_날씨_이번주주말날씨_확인(java.lang.reflect.Method) throws java.lang.Exception</td>
<td></td>
<td>25</td>
<td>Chips_004_생활정보.생활정보_03_날씨_일기예보@49b2a47d</td></tr>
</table><p>
</body>
</html>